<?xml version="1.0" encoding="UTF-8"?>
<!-- Generated by org.testng.reporters.JUnitReportReporter -->
<testsuite hostname="DESKTOP-J6GS6GA" failures="0" tests="4" name="com.titanium.automation.FacebookTest" time="66.475" errors="0" timestamp="21 Jul 2021 18:50:42 GMT">
  <testcase classname="com.titanium.automation.FacebookTest" name="editPost" time="21.622"/>
  <testcase classname="com.titanium.automation.FacebookTest" name="createPost" time="16.709"/>
  <testcase classname="com.titanium.automation.FacebookTest" name="deletePost" time="11.291"/>
  <testcase classname="com.titanium.automation.FacebookTest" name="createAccount" time="16.853"/>
</testsuite> <!-- com.titanium.automation.FacebookTest -->
