<?xml version="1.0" encoding="UTF-8"?>
<!-- Generated by org.testng.reporters.JUnitReportReporter -->
<testsuite hostname="DESKTOP-J6GS6GA" failures="0" tests="4" name="com.titanium.automation.FacebookTest" time="68.449" errors="0" timestamp="19 Jul 2021 16:36:13 GMT">
  <testcase classname="com.titanium.automation.FacebookTest" name="deletePost" time="11.310"/>
  <testcase classname="com.titanium.automation.FacebookTest" name="editPost" time="21.577"/>
  <testcase classname="com.titanium.automation.FacebookTest" name="createAccount" time="16.728"/>
  <testcase classname="com.titanium.automation.FacebookTest" name="createPost" time="18.834"/>
</testsuite> <!-- com.titanium.automation.FacebookTest -->
