<?xml version="1.0" encoding="UTF-8"?>
<!-- Generated by org.testng.reporters.JUnitReportReporter -->
<testsuite hostname="DESKTOP-J6GS6GA" failures="0" tests="4" name="com.titanium.automation.FacebookTest" time="66.706" errors="0" timestamp="25 Jul 2021 00:01:42 GMT">
  <testcase classname="com.titanium.automation.FacebookTest" name="editPost" time="21.560"/>
  <testcase classname="com.titanium.automation.FacebookTest" name="createPost" time="16.679"/>
  <testcase classname="com.titanium.automation.FacebookTest" name="deletePost" time="11.267"/>
  <testcase classname="com.titanium.automation.FacebookTest" name="createAccount" time="17.200"/>
</testsuite> <!-- com.titanium.automation.FacebookTest -->
