<?xml version="1.0" encoding="UTF-8"?>
<!-- Generated by org.testng.reporters.JUnitReportReporter -->
<testsuite hostname="DESKTOP-J6GS6GA" failures="0" tests="4" name="com.titanium.automation.FacebookTest" time="68.538" errors="0" timestamp="20 Jul 2021 20:53:06 GMT">
  <testcase classname="com.titanium.automation.FacebookTest" name="createAccount" time="16.779"/>
  <testcase classname="com.titanium.automation.FacebookTest" name="deletePost" time="11.312"/>
  <testcase classname="com.titanium.automation.FacebookTest" name="createPost" time="18.866"/>
  <testcase classname="com.titanium.automation.FacebookTest" name="editPost" time="21.581"/>
</testsuite> <!-- com.titanium.automation.FacebookTest -->
